[18:24:36] [Server thread/INFO]: Starting minecraft server version 1.8.8
[18:24:36] [Server thread/INFO]: Loading properties
[18:24:36] [Server thread/INFO]: Default game type: SURVIVAL
[18:24:36] [Server thread/INFO]: This server is running CraftBukkit version git-PaperSpigot-445 (MC: 1.8.8) (Implementing API version 1.8.8-R0.1-SNAPSHOT)
[18:24:36] [Server thread/INFO]: Debug logging is disabled
[18:24:36] [Server thread/INFO]: Spigot Timings: true - Verbose: true - Interval: 5m - Length: 60m
[18:24:36] [Server thread/INFO]: Server Ping Player Sample Count: 12

[18:24:36] [Server thread/INFO]: Using 4 threads for Netty based IO
[18:24:36] [Server thread/INFO]: Data value allowed items: 
[18:24:36] [Server thread/WARN]: java.lang.NoSuchFieldException: modifiers

[18:24:36] [Server thread/WARN]: 	at java.base/java.lang.Class.getDeclaredField(Class.java:2782)

[18:24:36] [Server thread/WARN]: 	at org.github.paperspigot.PaperSpigotConfig.stackableBuckets(PaperSpigotConfig.java:192)

[18:24:36] [Server thread/WARN]: 	at java.base/jdk.internal.reflect.DirectMethodHandleAccessor.invoke(DirectMethodHandleAccessor.java:103)

[18:24:36] [Server thread/WARN]: 	at java.base/java.lang.reflect.Method.invoke(Method.java:580)

[18:24:36] [Server thread/WARN]: 	at org.github.paperspigot.PaperSpigotConfig.readConfig(PaperSpigotConfig.java:84)

[18:24:36] [Server thread/WARN]: 	at org.github.paperspigot.PaperSpigotConfig.init(PaperSpigotConfig.java:62)

[18:24:36] [Server thread/WARN]: 	at net.minecraft.server.v1_8_R3.DedicatedServer.init(DedicatedServer.java:181)

[18:24:36] [Server thread/WARN]: 	at net.minecraft.server.v1_8_R3.MinecraftServer.run(MinecraftServer.java:563)

[18:24:36] [Server thread/WARN]: 	at java.base/java.lang.Thread.run(Thread.java:1583)

[18:24:36] [Server thread/INFO]: Generating keypair
[18:24:36] [Server thread/INFO]: Starting Minecraft server on localhost:25565
[18:24:36] [Server thread/INFO]: Your platform does not provide complete low-level API for accessing direct buffers reliably. Unless explicitly requested, heap buffer will always be preferred to avoid potential system unstability.
[18:24:36] [Server thread/INFO]: Using default channel type
[18:24:36] [Server thread/INFO]: Set PluginClassLoader as parallel capable
[18:24:36] [Server thread/INFO]: [SimpleTpa] Loading SimpleTpa v6.4
[18:24:36] [Server thread/INFO]: [SimpleHomes] Loading SimpleHomes v2.2
[18:24:36] [Server thread/INFO]: [WorldEdit] Loading WorldEdit v6.1;no_git_id
[18:24:36] [Server thread/INFO]: [LoginSecurity] Loading LoginSecurity v3.2.0
[18:24:36] [Server thread/WARN]: **** SERVER IS RUNNING IN OFFLINE/INSECURE MODE!
[18:24:36] [Server thread/WARN]: The server will make no attempt to authenticate usernames. Beware.
[18:24:36] [Server thread/WARN]: Whilst this makes it possible to use BungeeCord, unless access to your server is properly restricted, it also opens up the ability for hackers to connect with any username they choose.
[18:24:36] [Server thread/WARN]: Please see http://www.spigotmc.org/wiki/firewall-guide/ for further information.
[18:24:36] [Server thread/WARN]: To change this, set "online-mode" to "true" in the server.properties file.
[18:24:36] [Server thread/INFO]: **** Beginning UUID conversion, this may take A LONG time ****
[18:24:36] [Server thread/INFO]: Preparing level "world"
[18:24:36] [Server thread/INFO]: -------- World Settings For [world] --------
[18:24:36] [Server thread/INFO]: Mob Spawn Range: 4
[18:24:36] [Server thread/INFO]: Anti X-Ray: true
[18:24:36] [Server thread/INFO]: 	Engine Mode: 1
[18:24:36] [Server thread/INFO]: 	Hidden Blocks: [14, 15, 16, 21, 48, 49, 54, 56, 73, 74, 82, 129, 130]
[18:24:36] [Server thread/INFO]: 	Replace Blocks: [1, 5]
[18:24:36] [Server thread/INFO]: Nerfing mobs spawned from spawners: false
[18:24:36] [Server thread/INFO]: Cactus Growth Modifier: 100%
[18:24:36] [Server thread/INFO]: Cane Growth Modifier: 100%
[18:24:36] [Server thread/INFO]: Melon Growth Modifier: 100%
[18:24:36] [Server thread/INFO]: Mushroom Growth Modifier: 100%
[18:24:36] [Server thread/INFO]: Pumpkin Growth Modifier: 100%
[18:24:36] [Server thread/INFO]: Sapling Growth Modifier: 100%
[18:24:36] [Server thread/INFO]: Wheat Growth Modifier: 100%
[18:24:36] [Server thread/INFO]: NetherWart Growth Modifier: 100%
[18:24:36] [Server thread/INFO]: Entity Activation Range: An 32 / Mo 32 / Mi 16
[18:24:36] [Server thread/INFO]: Entity Tracking Range: Pl 48 / An 48 / Mo 48 / Mi 32 / Other 64
[18:24:36] [Server thread/INFO]: Hopper Transfer: 8 Hopper Check: 8 Hopper Amount: 1
[18:24:36] [Server thread/INFO]: Random Lighting Updates: false
[18:24:36] [Server thread/INFO]: Structure Info Saving: true
[18:24:36] [Server thread/INFO]: Sending up to 10 chunks per packet
[18:24:36] [Server thread/INFO]: Max Entity Collisions: 8
[18:24:36] [Server thread/INFO]: Custom Map Seeds:  Village: 10387312 Feature: 14357617
[18:24:36] [Server thread/INFO]: Max TNT Explosions: 100
[18:24:36] [Server thread/INFO]: Tile Max Tick Time: 50ms Entity max Tick Time: 50ms
[18:24:36] [Server thread/INFO]: Item Despawn Rate: 6000
[18:24:36] [Server thread/INFO]: Item Merge Radius: 2.5
[18:24:36] [Server thread/INFO]: Arrow Despawn Rate: 1200
[18:24:36] [Server thread/INFO]: Allow Zombie Pigmen to spawn from portal blocks: true
[18:24:36] [Server thread/INFO]: View Distance: 4
[18:24:36] [Server thread/INFO]: Zombie Aggressive Towards Villager: true
[18:24:36] [Server thread/INFO]: Chunks to Grow per Tick: 650
[18:24:36] [Server thread/INFO]: Clear tick list: false
[18:24:36] [Server thread/INFO]: Experience Merge Radius: 3.0
[18:24:36] [Server thread/INFO]: -------- World Settings For [world] --------
[18:24:36] [Server thread/INFO]: Living Entity Despawn Ranges:  Soft: 32 Hard: 128
[18:24:36] [Server thread/INFO]: Remove invalid mob spawner tile entities: true
[18:24:36] [Server thread/INFO]: Player blocking damage multiplier set to 0.5
[18:24:36] [Server thread/INFO]: Squids will spawn between Y: 45.0 and Y: 63.0
[18:24:36] [Server thread/INFO]: Max height for cactus growth 3. Max height for reed growth 3
[18:24:36] [Server thread/INFO]: Water over lava flow speed: 5
[18:24:36] [Server thread/INFO]: Fix TNT cannons: false
[18:24:36] [Server thread/INFO]: Allow undead horse types to be leashed: false
[18:24:36] [Server thread/INFO]: Keep spawn chunk loaded: true
[18:24:36] [Server thread/INFO]: World async lighting: false
[18:24:36] [Server thread/INFO]: WorldServer TickNextTick cap set at 10000
[18:24:36] [Server thread/INFO]: WorldServer TickNextTickList cap always processes redstone: false
[18:24:36] [Server thread/INFO]: -------- World Settings For [world_nether] --------
[18:24:36] [Server thread/INFO]: Mob Spawn Range: 4
[18:24:36] [Server thread/INFO]: Anti X-Ray: true
[18:24:36] [Server thread/INFO]: 	Engine Mode: 1
[18:24:36] [Server thread/INFO]: 	Hidden Blocks: [14, 15, 16, 21, 48, 49, 54, 56, 73, 74, 82, 129, 130]
[18:24:36] [Server thread/INFO]: 	Replace Blocks: [1, 5]
[18:24:36] [Server thread/INFO]: Nerfing mobs spawned from spawners: false
[18:24:36] [Server thread/INFO]: Cactus Growth Modifier: 100%
[18:24:36] [Server thread/INFO]: Cane Growth Modifier: 100%
[18:24:36] [Server thread/INFO]: Melon Growth Modifier: 100%
[18:24:36] [Server thread/INFO]: Mushroom Growth Modifier: 100%
[18:24:36] [Server thread/INFO]: Pumpkin Growth Modifier: 100%
[18:24:36] [Server thread/INFO]: Sapling Growth Modifier: 100%
[18:24:36] [Server thread/INFO]: Wheat Growth Modifier: 100%
[18:24:36] [Server thread/INFO]: NetherWart Growth Modifier: 100%
[18:24:36] [Server thread/INFO]: Entity Activation Range: An 32 / Mo 32 / Mi 16
[18:24:36] [Server thread/INFO]: Entity Tracking Range: Pl 48 / An 48 / Mo 48 / Mi 32 / Other 64
[18:24:36] [Server thread/INFO]: Hopper Transfer: 8 Hopper Check: 8 Hopper Amount: 1
[18:24:36] [Server thread/INFO]: Random Lighting Updates: false
[18:24:36] [Server thread/INFO]: Structure Info Saving: true
[18:24:36] [Server thread/INFO]: Sending up to 10 chunks per packet
[18:24:36] [Server thread/INFO]: Max Entity Collisions: 8
[18:24:36] [Server thread/INFO]: Custom Map Seeds:  Village: 10387312 Feature: 14357617
[18:24:36] [Server thread/INFO]: Max TNT Explosions: 100
[18:24:36] [Server thread/INFO]: Tile Max Tick Time: 50ms Entity max Tick Time: 50ms
[18:24:36] [Server thread/INFO]: Item Despawn Rate: 6000
[18:24:36] [Server thread/INFO]: Item Merge Radius: 2.5
[18:24:36] [Server thread/INFO]: Arrow Despawn Rate: 1200
[18:24:36] [Server thread/INFO]: Allow Zombie Pigmen to spawn from portal blocks: true
[18:24:36] [Server thread/INFO]: View Distance: 4
[18:24:36] [Server thread/INFO]: Zombie Aggressive Towards Villager: true
[18:24:36] [Server thread/INFO]: Chunks to Grow per Tick: 650
[18:24:36] [Server thread/INFO]: Clear tick list: false
[18:24:36] [Server thread/INFO]: Experience Merge Radius: 3.0
[18:24:36] [Server thread/INFO]: -------- World Settings For [world_nether] --------
[18:24:36] [Server thread/INFO]: Living Entity Despawn Ranges:  Soft: 32 Hard: 128
[18:24:36] [Server thread/INFO]: Remove invalid mob spawner tile entities: true
[18:24:36] [Server thread/INFO]: Player blocking damage multiplier set to 0.5
[18:24:36] [Server thread/INFO]: Squids will spawn between Y: 45.0 and Y: 63.0
[18:24:36] [Server thread/INFO]: Max height for cactus growth 3. Max height for reed growth 3
[18:24:36] [Server thread/INFO]: Water over lava flow speed: 5
[18:24:36] [Server thread/INFO]: Fix TNT cannons: false
[18:24:36] [Server thread/INFO]: Allow undead horse types to be leashed: false
[18:24:36] [Server thread/INFO]: Keep spawn chunk loaded: true
[18:24:36] [Server thread/INFO]: World async lighting: false
[18:24:36] [Server thread/INFO]: WorldServer TickNextTick cap set at 10000
[18:24:36] [Server thread/INFO]: WorldServer TickNextTickList cap always processes redstone: false
[18:24:36] [Server thread/INFO]: -------- World Settings For [world_the_end] --------
[18:24:36] [Server thread/INFO]: Mob Spawn Range: 4
[18:24:36] [Server thread/INFO]: Anti X-Ray: true
[18:24:36] [Server thread/INFO]: 	Engine Mode: 1
[18:24:36] [Server thread/INFO]: 	Hidden Blocks: [14, 15, 16, 21, 48, 49, 54, 56, 73, 74, 82, 129, 130]
[18:24:36] [Server thread/INFO]: 	Replace Blocks: [1, 5]
[18:24:36] [Server thread/INFO]: Nerfing mobs spawned from spawners: false
[18:24:36] [Server thread/INFO]: Cactus Growth Modifier: 100%
[18:24:36] [Server thread/INFO]: Cane Growth Modifier: 100%
[18:24:36] [Server thread/INFO]: Melon Growth Modifier: 100%
[18:24:36] [Server thread/INFO]: Mushroom Growth Modifier: 100%
[18:24:36] [Server thread/INFO]: Pumpkin Growth Modifier: 100%
[18:24:36] [Server thread/INFO]: Sapling Growth Modifier: 100%
[18:24:36] [Server thread/INFO]: Wheat Growth Modifier: 100%
[18:24:36] [Server thread/INFO]: NetherWart Growth Modifier: 100%
[18:24:36] [Server thread/INFO]: Entity Activation Range: An 32 / Mo 32 / Mi 16
[18:24:36] [Server thread/INFO]: Entity Tracking Range: Pl 48 / An 48 / Mo 48 / Mi 32 / Other 64
[18:24:36] [Server thread/INFO]: Hopper Transfer: 8 Hopper Check: 8 Hopper Amount: 1
[18:24:36] [Server thread/INFO]: Random Lighting Updates: false
[18:24:36] [Server thread/INFO]: Structure Info Saving: true
[18:24:36] [Server thread/INFO]: Sending up to 10 chunks per packet
[18:24:36] [Server thread/INFO]: Max Entity Collisions: 8
[18:24:36] [Server thread/INFO]: Custom Map Seeds:  Village: 10387312 Feature: 14357617
[18:24:36] [Server thread/INFO]: Max TNT Explosions: 100
[18:24:36] [Server thread/INFO]: Tile Max Tick Time: 50ms Entity max Tick Time: 50ms
[18:24:36] [Server thread/INFO]: Item Despawn Rate: 6000
[18:24:36] [Server thread/INFO]: Item Merge Radius: 2.5
[18:24:36] [Server thread/INFO]: Arrow Despawn Rate: 1200
[18:24:36] [Server thread/INFO]: Allow Zombie Pigmen to spawn from portal blocks: true
[18:24:36] [Server thread/INFO]: View Distance: 4
[18:24:36] [Server thread/INFO]: Zombie Aggressive Towards Villager: true
[18:24:36] [Server thread/INFO]: Chunks to Grow per Tick: 650
[18:24:36] [Server thread/INFO]: Clear tick list: false
[18:24:36] [Server thread/INFO]: Experience Merge Radius: 3.0
[18:24:36] [Server thread/INFO]: -------- World Settings For [world_the_end] --------
[18:24:36] [Server thread/INFO]: Living Entity Despawn Ranges:  Soft: 32 Hard: 128
[18:24:36] [Server thread/INFO]: Remove invalid mob spawner tile entities: true
[18:24:36] [Server thread/INFO]: Player blocking damage multiplier set to 0.5
[18:24:36] [Server thread/INFO]: Squids will spawn between Y: 45.0 and Y: 63.0
[18:24:36] [Server thread/INFO]: Max height for cactus growth 3. Max height for reed growth 3
[18:24:36] [Server thread/INFO]: Water over lava flow speed: 5
[18:24:36] [Server thread/INFO]: Fix TNT cannons: false
[18:24:36] [Server thread/INFO]: Allow undead horse types to be leashed: false
[18:24:36] [Server thread/INFO]: Keep spawn chunk loaded: true
[18:24:36] [Server thread/INFO]: World async lighting: false
[18:24:36] [Server thread/INFO]: WorldServer TickNextTick cap set at 10000
[18:24:36] [Server thread/INFO]: WorldServer TickNextTickList cap always processes redstone: false
[18:24:36] [Server thread/INFO]: Preparing start region for level 0 (Seed: 4399207055543743435)
[18:24:37] [Server thread/INFO]: Preparing spawn area: 69%
[18:24:38] [Server thread/INFO]: Preparing start region for level 1 (Seed: 4399207055543743435)
[18:24:39] [Server thread/INFO]: Preparing spawn area: 85%
[18:24:39] [Server thread/INFO]: Preparing start region for level 2 (Seed: 4399207055543743435)
[18:24:39] [Server thread/INFO]: [SimpleTpa] Enabling SimpleTpa v6.4
[18:24:39] [Server thread/INFO]: [0;33;1m[21m[SimpleTpa] If you need support contact me at https://discord.gg/SZUkza9[m

[18:24:39] [Server thread/INFO]: [0;33;1m[21m[SimpleTpa] Simple Tpa has been enabled on version 6.4[m

[18:24:39] [Server thread/INFO]: Enabled metrics. You may opt-out by changing plugins/bStats/config.yml
[18:24:39] [Server thread/INFO]: [SimpleHomes] Enabling SimpleHomes v2.2
[18:24:39] [Server thread/INFO]: [WorldEdit] Enabling WorldEdit v6.1;no_git_id
[18:24:39] [Server thread/INFO]: WEPIF: Using the Bukkit Permissions API.
[18:24:39] [Server thread/INFO]: [WorldEdit] Using com.sk89q.worldedit.bukkit.adapter.impl.Spigot_v1_8_R3 as the Bukkit adapter
[18:24:39] [Server thread/INFO]: [LoginSecurity] Enabling LoginSecurity v3.2.0
[18:24:39] [Server thread/INFO]: [LoginSecurity] Loading base translations from "en_us"
[18:24:39] [Server thread/INFO]: [LoginSecurity] Loading specified translations from "en_us"
[18:24:39] [Server thread/INFO]: [LoginSecurity] Registering commands...
[18:24:39] [Server thread/INFO]: [LoginSecurity] Registering listeners...
[18:24:39] [Server thread/INFO]: Server permissions file permissions.yml is empty, ignoring it
[18:24:39] [Server thread/INFO]: Done (3.140s)! For help, type "help" or "?"
[18:24:39] [Server thread/INFO]: Timings Reset
[18:24:40] [Craft Scheduler Thread - 0/INFO]: [0;31;1m[21m[SimpleTpa] There is a new update available.[m

[18:24:40] [Craft Scheduler Thread - 0/INFO]: [0;31;1m[SimpleTpa] There is a new update available:[m

[18:24:40] [Craft Scheduler Thread - 0/INFO]: [0;31;1m[SimpleTpa] https://www.spigotmc.org/resources/simple-tpa.64270/[m

[18:30:50] [Thread-8/INFO]: UUID of player Technoblade is 708f83cd-b150-33d6-b7af-ab56190a239c
[18:30:50] [Server thread/INFO]: Technoblade[/[0:0:0:0:0:0:0:1]:54296] logged in with entity id 356 at ([world]264.00876083123524, 5.0, 9.6224461181455)
[18:31:22] [Thread-9/INFO]: UUID of player Toonville_2763 is 5fbfbf4f-362d-3a00-a60e-c045e1b0fff3
[18:31:23] [Server thread/INFO]: Toonville_2763[/[0:0:0:0:0:0:0:1]:46898] logged in with entity id 410 at ([world]229.30567946825929, 67.0, 70.1564348653847)
[18:31:33] [Async Chat Thread - #0/INFO]: <Technoblade> who you[m

[18:32:17] [Async Chat Thread - #0/INFO]: <Technoblade> wat your name[m

[18:32:27] [Async Chat Thread - #0/INFO]: <Toonville_2763> TOONVILLE[m

[18:32:36] [Async Chat Thread - #0/INFO]: <Technoblade> real name[m

[18:32:41] [Async Chat Thread - #0/INFO]: <Toonville_2763> Luke Weber[m

[18:32:45] [Async Chat Thread - #0/INFO]: <Toonville_2763> you?[m

[18:32:54] [Async Chat Thread - #0/INFO]: <Technoblade> miles bussey[m

[18:33:03] [Server thread/INFO]: Toonville_2763 issued server command: /Ohhhhhh hi
[18:33:10] [Async Chat Thread - #0/INFO]: <Toonville_2763> Jack says hi[m

[18:33:24] [Async Chat Thread - #0/INFO]: <Technoblade> k no kill ok[m

[18:34:41] [Async Chat Thread - #1/INFO]: <Toonville_2763> I GOT 16 IRONN[m

[18:34:48] [Async Chat Thread - #1/INFO]: <Technoblade> nice[m

[18:35:01] [Async Chat Thread - #1/INFO]: <Toonville_2763> Sup[m

[18:35:05] [Async Chat Thread - #1/INFO]: <Technoblade> no stell[m

[18:35:11] [Async Chat Thread - #1/INFO]: <Toonville_2763> mine if I put the iron in ur furnace?[m

[18:35:22] [Async Chat Thread - #1/INFO]: <Toonville_2763> mind*[m

[18:35:56] [Async Chat Thread - #1/INFO]: <Technoblade> i put in 6[m

[18:36:06] [Async Chat Thread - #1/INFO]: <Toonville_2763> Ok and the other 16 is minee[m

[18:36:15] [Async Chat Thread - #1/INFO]: <Technoblade> wait[m

[18:36:24] [Async Chat Thread - #1/INFO]: <Toonville_2763> hm?[m

[18:36:25] [Async Chat Thread - #1/INFO]: <Technoblade> nm[m

[18:38:26] [Async Chat Thread - #2/INFO]: <Toonville_2763> Im aboutta die from hunger[m

[18:38:32] [Async Chat Thread - #2/INFO]: <Technoblade> ima put in 6 more[m

[18:38:36] [Server thread/INFO]: Toonville_2763 issued server command: /K
[18:39:05] [Async Chat Thread - #2/INFO]: <Technoblade> die and i will not stell[m

[18:39:11] [Server thread/INFO]: Toonville_2763 issued server command: /K
[18:39:13] [Server thread/INFO]: Toonville_2763 issued server command: /k
[18:39:16] [Async Chat Thread - #2/INFO]: <Toonville_2763> k[m

[18:39:33] [Async Chat Thread - #2/INFO]: <Toonville_2763> GOLD[m

[18:39:45] [Async Chat Thread - #2/INFO]: <Toonville_2763> imma put 10 more in[m

[18:41:35] [Async Chat Thread - #3/INFO]: <Toonville_2763> yo Techno[m

[18:41:42] [Async Chat Thread - #3/INFO]: <Technoblade> wat[m

[18:41:54] [Async Chat Thread - #3/INFO]: <Toonville_2763> im assuming U watched Technoblade?[m

[18:42:00] [Async Chat Thread - #3/INFO]: <Technoblade> kinda[m

[18:43:39] [Server thread/INFO]: Toonville_2763 was slain by Zombie
[18:45:43] [Server thread/INFO]: Technoblade fell from a high place
[18:45:47] [Async Chat Thread - #4/INFO]: <Toonville_2763> RIP[m

[18:49:56] [Async Chat Thread - #5/INFO]: <Technoblade> warh are you[m

[18:50:26] [Async Chat Thread - #5/INFO]: <Toonville_2763> Up ur butt and around the corner[m

[18:50:35] [Async Chat Thread - #5/INFO]: <Technoblade> wow[m

[18:51:17] [Async Chat Thread - #5/INFO]: <Toonville_2763> 228, 29, 38[m

[18:51:30] [Async Chat Thread - #5/INFO]: <Technoblade> i see you nametag[m

[18:52:27] [Async Chat Thread - #5/INFO]: <Technoblade> im leve[m

[18:52:49] [Server thread/INFO]: Technoblade lost connection: Disconnected
[18:52:49] [Server thread/INFO]: Technoblade left the game.
[18:55:53] [Thread-10/INFO]: UUID of player spacelord is da97c5e3-b00e-39a8-8bdc-b9aebb481acb
[18:55:53] [Server thread/INFO]: spacelord[/[0:0:0:0:0:0:0:1]:47116] logged in with entity id 4570 at ([world]178.6965437607575, 66.0, 97.89187602051945)
[18:57:31] [Server thread/INFO]: spacelord was slain by Zombie
[18:59:27] [Server thread/INFO]: spacelord lost connection: Disconnected
[18:59:27] [Server thread/INFO]: spacelord left the game.
[19:00:37] [Thread-12/INFO]: UUID of player Lord_Farquaad is 7a810572-8a9f-3416-bd2b-4c66c28764c1
[19:00:37] [Server thread/INFO]: Lord_Farquaad[/[0:0:0:0:0:0:0:1]:52178] logged in with entity id 4937 at ([world]95.68148565394608, 73.0, 13.720743545904032)
[19:01:08] [Server thread/INFO]: Lord_Farquaad lost connection: Login timed out!
[19:01:08] [Server thread/INFO]: Lord_Farquaad left the game.
[19:01:08] [Server thread/WARN]: handleDisconnection() called twice
[19:01:22] [Thread-13/INFO]: UUID of player YeerDarvler2464 is 48e6646e-84ec-3679-9066-91d38d276ca9
[19:01:22] [Server thread/INFO]: YeerDarvler2464[/[0:0:0:0:0:0:0:1]:48798] logged in with entity id 5026 at ([world]185.0353638691289, 67.0, 84.97872195379705)
[19:01:23] [Thread-14/INFO]: UUID of player Lord_Farquaad is 7a810572-8a9f-3416-bd2b-4c66c28764c1
[19:01:23] [Server thread/INFO]: Lord_Farquaad[/[0:0:0:0:0:0:0:1]:48808] logged in with entity id 5027 at ([world]95.5747575710085, 73.0, 13.547999339696986)
[19:01:32] [Thread-15/INFO]: UUID of player P_ness is 37a6c4e4-b0b0-3779-a550-722d8f4b8887
[19:01:32] [Server thread/INFO]: P_ness[/[0:0:0:0:0:0:0:1]:43508] logged in with entity id 5059 at ([world]181.71685206140583, 67.0, 89.63617261007212)
[19:01:58] [Thread-16/INFO]: UUID of player spacelord is da97c5e3-b00e-39a8-8bdc-b9aebb481acb
[19:01:58] [Server thread/INFO]: spacelord[/[0:0:0:0:0:0:0:1]:55192] logged in with entity id 5156 at ([world]179.5, 67.0, 94.5)
[19:02:31] [Server thread/INFO]: spacelord was slain by Zombie
[19:02:45] [Server thread/WARN]: spacelord moved too quickly! 0.0,0.9844449272978011,-14.803175006193314 (0.0, 0.9844449272978011, -14.803175006193314)
[19:02:52] [Server thread/INFO]: spacelord was slain by Zombie
[19:03:07] [Server thread/INFO]: YeerDarvler2464 was slain by Zombie
[19:04:40] [Thread-17/INFO]: UUID of player Perry_Platypus is 2bb80326-c7b8-3c23-8916-b6055dcfe33c
[19:04:40] [Server thread/INFO]: Perry_Platypus[/[0:0:0:0:0:0:0:1]:48422] logged in with entity id 5552 at ([world]177.5, 67.0, 91.5)
[19:05:13] [Server thread/INFO]: Perry_Platypus fell from a high place
[19:05:21] [Server thread/INFO]: spacelord fell from a high place
[19:05:46] [Server thread/INFO]: P_ness has just earned the achievement [Benchmarking]
[19:06:55] [Server thread/INFO]: Toonville_2763 tried to swim in lava
[19:06:58] [Server thread/INFO]: P_ness has just earned the achievement [Time to Mine!]
[19:06:58] [Server thread/INFO]: P_ness has just earned the achievement [Getting an Upgrade]
[19:07:11] [Server thread/INFO]: Toonville_2763 issued server command: /back
[19:07:11] [Server thread/INFO]: Perry_Platypus has just earned the achievement [Taking Inventory]
[19:07:18] [Server thread/INFO]: Toonville_2763 tried to swim in lava
[19:07:26] [Server thread/INFO]: YeerDarvler2464 has just earned the achievement [Taking Inventory]
[19:08:11] [Server thread/INFO]: Toonville_2763 was slain by YeerDarvler2464
[19:08:13] [Server thread/INFO]: spacelord was slain by YeerDarvler2464
[19:08:27] [Server thread/INFO]: Perry_Platypus was slain by YeerDarvler2464
[19:08:33] [Server thread/INFO]: Perry_Platypus issued server command: /back
[19:08:37] [Server thread/INFO]: Perry_Platypus issued server command: /back
[19:09:00] [Server thread/INFO]: YeerDarvler2464 was slain by Lord_Farquaad
[19:09:35] [Server thread/INFO]: Toonville_2763 lost connection: Disconnected
[19:09:35] [Server thread/INFO]: Toonville_2763 left the game.
[19:09:35] [Server thread/INFO]: Lord_Farquaad lost connection: Disconnected
[19:09:35] [Server thread/INFO]: Lord_Farquaad left the game.
[19:09:40] [Server thread/INFO]: P_ness lost connection: Disconnected
[19:09:40] [Server thread/INFO]: P_ness left the game.
[19:09:41] [Server thread/INFO]: Perry_Platypus lost connection: Disconnected
[19:09:41] [Server thread/INFO]: Perry_Platypus left the game.
[19:10:47] [Server thread/INFO]: spacelord lost connection: Disconnected
[19:10:47] [Server thread/INFO]: spacelord left the game.
[19:16:11] [Server thread/INFO]: YeerDarvler2464 lost connection: Disconnected
[19:16:11] [Server thread/INFO]: YeerDarvler2464 left the game.
